<?xml version="1.0" encoding="UTF-8"?>
<!-- Generated by org.testng.reporters.JUnitReportReporter -->
<testsuite hostname="LAPTOP-DU8MFKQO" failures="0" tests="2" name="SrishtiPackage.Tests.SubmitOrderUsingExternalJsonFile" time="21.099" errors="0" timestamp="2024-03-16T14:16:08 IST" skipped="0">
  <testcase classname="SrishtiPackage.Tests.SubmitOrderUsingExternalJsonFile" name="submitOrder" time="8.594"/>
  <testcase classname="SrishtiPackage.Tests.SubmitOrderUsingExternalJsonFile" name="submitOrder" time="12.505"/>
</testsuite> <!-- SrishtiPackage.Tests.SubmitOrderUsingExternalJsonFile -->
