<?xml version="1.0" encoding="UTF-8"?>
<!-- Generated by org.testng.reporters.JUnitReportReporter -->
<testsuite hostname="LAPTOP-DU8MFKQO" failures="0" tests="3" name="SrishtiPackage.Tests.SubmitOrderTest" time="30.951" errors="0" timestamp="2024-03-17T13:31:57 IST" skipped="0">
  <testcase classname="SrishtiPackage.Tests.SubmitOrderTest" name="submitOrder" time="12.865"/>
  <testcase classname="SrishtiPackage.Tests.SubmitOrderTest" name="submitOrder" time="11.888"/>
  <testcase classname="SrishtiPackage.Tests.SubmitOrderTest" name="checkOrderInOrders" time="6.198"/>
</testsuite> <!-- SrishtiPackage.Tests.SubmitOrderTest -->
