<?xml version="1.0" encoding="UTF-8"?>
<!-- Generated by org.testng.reporters.JUnitReportReporter -->
<testsuite hostname="LAPTOP-DU8MFKQO" failures="0" tests="2" name="SrishtiPackage.Tests.SubmitOrderUsingHashMap" time="27.931" errors="0" timestamp="2024-03-16T13:01:10 IST" skipped="0">
  <testcase classname="SrishtiPackage.Tests.SubmitOrderUsingHashMap" name="submitOrder" time="14.993"/>
  <testcase classname="SrishtiPackage.Tests.SubmitOrderUsingHashMap" name="submitOrder" time="12.938"/>
</testsuite> <!-- SrishtiPackage.Tests.SubmitOrderUsingHashMap -->
